This file contains any messages produced by compilers while
running configure, to aid debugging if configure makes a mistake.

It was created by configure, which was
generated by GNU Autoconf 2.69.  Invocation command line was

  $ ../configure -- help

## --------- ##
## Platform. ##
## --------- ##

hostname = hiroshica-VAIO
uname -m = x86_64
uname -r = 4.19.84-microsoft-standard
uname -s = Linux
uname -v = #1 SMP Wed Nov 13 11:44:37 UTC 2019

/usr/bin/uname -p = unknown
/bin/uname -X     = unknown

/bin/arch              = unknown
/usr/bin/arch -k       = unknown
/usr/convex/getsysinfo = unknown
/usr/bin/hostinfo      = unknown
/bin/machine           = unknown
/usr/bin/oslevel       = unknown
/bin/universe          = unknown

PATH: /home/hiroshica/.vscode-server/bin/fe22a9645b44368865c0ba92e2fb881ff1afce94/bin
PATH: /usr/local/sbin
PATH: /usr/local/bin
PATH: /usr/sbin
PATH: /usr/bin
PATH: /sbin
PATH: /bin
PATH: /usr/games
PATH: /usr/local/games
PATH: /mnt/c/WINDOWS/system32
PATH: /mnt/c/WINDOWS
PATH: /mnt/c/WINDOWS/System32/Wbem
PATH: /mnt/c/WINDOWS/System32/WindowsPowerShell/v1.0/
PATH: /mnt/c/WINDOWS/System32/OpenSSH/
PATH: /mnt/c/depot_tools
PATH: /mnt/c/Program Files/Microsoft SQL Server/130/Tools/Binn/
PATH: /mnt/c/Program Files/Microsoft SQL Server/Client SDK/ODBC/170/Tools/Binn/
PATH: /mnt/c/Program Files (x86)/Bitvise SSH Client
PATH: /mnt/c/Program Files/CMake/bin
PATH: /mnt/c/Program Files/dotnet/
PATH: /mnt/c/Program Files/Git/cmd
PATH: /mnt/c/Users/hiro_/AppData/Local/Microsoft/WindowsApps
PATH: /mnt/c/Users/hiro_/AppData/Local/Programs/Microsoft VS Code/bin
PATH: /snap/bin


## ----------- ##
## Core tests. ##
## ----------- ##

configure:3063: checking for help-gcc
configure:3093: result: no
configure:3103: checking for gcc
configure:3119: found /usr/bin/gcc
configure:3130: result: gcc
configure:3359: checking for C compiler version
configure:3368: gcc --version >&5
gcc (Ubuntu 7.5.0-3ubuntu1~18.04) 7.5.0
Copyright (C) 2017 Free Software Foundation, Inc.
This is free software; see the source for copying conditions.  There is NO
warranty; not even for MERCHANTABILITY or FITNESS FOR A PARTICULAR PURPOSE.

configure:3379: $? = 0
configure:3368: gcc -v >&5
Using built-in specs.
COLLECT_GCC=gcc
COLLECT_LTO_WRAPPER=/usr/lib/gcc/x86_64-linux-gnu/7/lto-wrapper
OFFLOAD_TARGET_NAMES=nvptx-none
OFFLOAD_TARGET_DEFAULT=1
Target: x86_64-linux-gnu
Configured with: ../src/configure -v --with-pkgversion='Ubuntu 7.5.0-3ubuntu1~18.04' --with-bugurl=file:///usr/share/doc/gcc-7/README.Bugs --enable-languages=c,ada,c++,go,brig,d,fortran,objc,obj-c++ --prefix=/usr --with-gcc-major-version-only --program-suffix=-7 --program-prefix=x86_64-linux-gnu- --enable-shared --enable-linker-build-id --libexecdir=/usr/lib --without-included-gettext --enable-threads=posix --libdir=/usr/lib --enable-nls --enable-bootstrap --enable-clocale=gnu --enable-libstdcxx-debug --enable-libstdcxx-time=yes --with-default-libstdcxx-abi=new --enable-gnu-unique-object --disable-vtable-verify --enable-libmpx --enable-plugin --enable-default-pie --with-system-zlib --with-target-system-zlib --enable-objc-gc=auto --enable-multiarch --disable-werror --with-arch-32=i686 --with-abi=m64 --with-multilib-list=m32,m64,mx32 --enable-multilib --with-tune=generic --enable-offload-targets=nvptx-none --without-cuda-driver --enable-checking=release --build=x86_64-linux-gnu --host=x86_64-linux-gnu --target=x86_64-linux-gnu
Thread model: posix
gcc version 7.5.0 (Ubuntu 7.5.0-3ubuntu1~18.04) 
configure:3379: $? = 0
configure:3368: gcc -V >&5
gcc: error: unrecognized command line option '-V'
gcc: fatal error: no input files
compilation terminated.
configure:3379: $? = 1
configure:3368: gcc -qversion >&5
gcc: error: unrecognized command line option '-qversion'; did you mean '--version'?
gcc: fatal error: no input files
compilation terminated.
configure:3379: $? = 1
configure:3399: checking whether the C compiler works
configure:3421: gcc    conftest.c  >&5
configure:3425: $? = 0
configure:3473: result: yes
configure:3476: checking for C compiler default output file name
configure:3478: result: a.out
configure:3484: checking for suffix of executables
configure:3491: gcc -o conftest    conftest.c  >&5
configure:3495: $? = 0
configure:3517: result: 
configure:3539: checking whether we are cross compiling
configure:3547: gcc -o conftest    conftest.c  >&5
configure:3551: $? = 0
configure:3558: ./conftest
configure:3562: $? = 0
configure:3577: result: no
configure:3582: checking for suffix of object files
configure:3604: gcc -c   conftest.c >&5
configure:3608: $? = 0
configure:3629: result: o
configure:3633: checking whether we are using the GNU C compiler
configure:3652: gcc -c   conftest.c >&5
configure:3652: $? = 0
configure:3661: result: yes
configure:3670: checking whether gcc accepts -g
configure:3690: gcc -c -g  conftest.c >&5
configure:3690: $? = 0
configure:3731: result: yes
configure:3748: checking for gcc option to accept ISO C89
configure:3811: gcc  -c -g -O2  conftest.c >&5
configure:3811: $? = 0
configure:3824: result: none needed
configure:3849: checking whether gcc understands -c and -o together
configure:3871: gcc -c conftest.c -o conftest2.o
configure:3874: $? = 0
configure:3871: gcc -c conftest.c -o conftest2.o
configure:3874: $? = 0
configure:3886: result: yes
configure:3909: checking how to run the C preprocessor
configure:3940: gcc -E  conftest.c
configure:3940: $? = 0
configure:3954: gcc -E  conftest.c
conftest.c:9:10: fatal error: ac_nonexistent.h: No such file or directory
 #include <ac_nonexistent.h>
          ^~~~~~~~~~~~~~~~~~
compilation terminated.
configure:3954: $? = 1
configure: failed program was:
| /* confdefs.h */
| #define PACKAGE_NAME ""
| #define PACKAGE_TARNAME ""
| #define PACKAGE_VERSION ""
| #define PACKAGE_STRING ""
| #define PACKAGE_BUGREPORT ""
| #define PACKAGE_URL ""
| /* end confdefs.h.  */
| #include <ac_nonexistent.h>
configure:3979: result: gcc -E
configure:3999: gcc -E  conftest.c
configure:3999: $? = 0
configure:4013: gcc -E  conftest.c
conftest.c:9:10: fatal error: ac_nonexistent.h: No such file or directory
 #include <ac_nonexistent.h>
          ^~~~~~~~~~~~~~~~~~
compilation terminated.
configure:4013: $? = 1
configure: failed program was:
| /* confdefs.h */
| #define PACKAGE_NAME ""
| #define PACKAGE_TARNAME ""
| #define PACKAGE_VERSION ""
| #define PACKAGE_STRING ""
| #define PACKAGE_BUGREPORT ""
| #define PACKAGE_URL ""
| /* end confdefs.h.  */
| #include <ac_nonexistent.h>
configure:4042: checking for grep that handles long lines and -e
configure:4100: result: /bin/grep
configure:4105: checking for egrep
configure:4167: result: /bin/grep -E
configure:4172: checking for ANSI C header files
configure:4192: gcc -c -g -O2  conftest.c >&5
configure:4192: $? = 0
configure:4265: gcc -o conftest -g -O2   conftest.c  >&5

## ---------------- ##
## Cache variables. ##
## ---------------- ##

ac_cv_c_compiler_gnu=yes
ac_cv_env_CCASFLAGS_set=
ac_cv_env_CCASFLAGS_value=
ac_cv_env_CCAS_set=
ac_cv_env_CCAS_value=
ac_cv_env_CCC_set=
ac_cv_env_CCC_value=
ac_cv_env_CC_set=
ac_cv_env_CC_value=
ac_cv_env_CFLAGS_set=
ac_cv_env_CFLAGS_value=
ac_cv_env_CPPFLAGS_set=
ac_cv_env_CPPFLAGS_value=
ac_cv_env_CPP_set=
ac_cv_env_CPP_value=
ac_cv_env_CXXCPP_set=
ac_cv_env_CXXCPP_value=
ac_cv_env_CXXFLAGS_set=
ac_cv_env_CXXFLAGS_value=
ac_cv_env_CXX_set=
ac_cv_env_CXX_value=
ac_cv_env_JACK_CFLAGS_set=
ac_cv_env_JACK_CFLAGS_value=
ac_cv_env_JACK_LIBS_set=
ac_cv_env_JACK_LIBS_value=
ac_cv_env_LDFLAGS_set=
ac_cv_env_LDFLAGS_value=
ac_cv_env_LIBS_set=
ac_cv_env_LIBS_value=
ac_cv_env_LZO2_CFLAGS_set=
ac_cv_env_LZO2_CFLAGS_value=
ac_cv_env_LZO2_LIBS_set=
ac_cv_env_LZO2_LIBS_value=
ac_cv_env_PKG_CONFIG_LIBDIR_set=
ac_cv_env_PKG_CONFIG_LIBDIR_value=
ac_cv_env_PKG_CONFIG_PATH_set=
ac_cv_env_PKG_CONFIG_PATH_value=
ac_cv_env_PKG_CONFIG_set=
ac_cv_env_PKG_CONFIG_value=
ac_cv_env_SDL2_FRAMEWORK_set=
ac_cv_env_SDL2_FRAMEWORK_value=
ac_cv_env_SDL_CFLAGS_set=
ac_cv_env_SDL_CFLAGS_value=
ac_cv_env_SDL_LIBS_set=
ac_cv_env_SDL_LIBS_value=
ac_cv_env_SNDFILE_CFLAGS_set=
ac_cv_env_SNDFILE_CFLAGS_value=
ac_cv_env_SNDFILE_LIBS_set=
ac_cv_env_SNDFILE_LIBS_value=
ac_cv_env_build_alias_set=set
ac_cv_env_build_alias_value=help
ac_cv_env_host_alias_set=set
ac_cv_env_host_alias_value=help
ac_cv_env_target_alias_set=set
ac_cv_env_target_alias_value=help
ac_cv_header_stdc=yes
ac_cv_objext=o
ac_cv_path_EGREP='/bin/grep -E'
ac_cv_path_GREP=/bin/grep
ac_cv_prog_CPP='gcc -E'
ac_cv_prog_ac_ct_CC=gcc
ac_cv_prog_cc_c89=
ac_cv_prog_cc_g=yes
am_cv_prog_cc_c_o=yes

## ----------------- ##
## Output variables. ##
## ----------------- ##

ACLOCAL=''
ALLOCA=''
ALSA_CFLAGS=''
ALSA_LIBS=''
AMDEPBACKSLASH=''
AMDEP_FALSE=''
AMDEP_TRUE=''
AMTAR=''
AM_BACKSLASH=''
AM_CFLAGS=''
AM_CXXFLAGS=''
AM_DEFAULT_V=''
AM_DEFAULT_VERBOSITY=''
AM_V=''
ARCH_POWERPC_FALSE=''
ARCH_POWERPC_TRUE=''
ARCH_X86_32_FALSE=''
ARCH_X86_32_TRUE=''
ARCH_X86_64_FALSE=''
ARCH_X86_64_TRUE=''
ARCH_X86_FALSE=''
ARCH_X86_TRUE=''
AUTOCONF=''
AUTOHEADER=''
AUTOMAKE=''
AWK=''
BUILD_INCLUDED_LIBINTL=''
CATOBJEXT=''
CC='gcc'
CCAS=''
CCASDEPMODE=''
CCASFLAGS=''
CCDEPMODE=''
CFLAGS='-g -O2'
CFLAG_VISIBILITY=''
CPP='gcc -E'
CPPFLAGS=''
CXX=''
CXXCPP=''
CXXDEPMODE=''
CXXFLAGS=''
CYGPATH_W=''
DATADIRNAME=''
DEFS=''
DEPDIR=''
DOS_FALSE=''
DOS_TRUE=''
ECHO_C=''
ECHO_N='-n'
ECHO_T=''
EGREP='/bin/grep -E'
ENABLE_LIBXXX_MODE_FALSE=''
ENABLE_LIBXXX_MODE_TRUE=''
EXEEXT=''
GENCAT=''
GETTEXT_MACRO_VERSION=''
GLIBC21=''
GLIBC2=''
GMSGFMT=''
GMSGFMT_015=''
GREP='/bin/grep'
HAVE_ALSA_FALSE=''
HAVE_ALSA_TRUE=''
HAVE_ASPRINTF=''
HAVE_DIRECTSOUND_FALSE=''
HAVE_DIRECTSOUND_TRUE=''
HAVE_EXTERNAL_LZO2_FALSE=''
HAVE_EXTERNAL_LZO2_TRUE=''
HAVE_EXTERNAL_MPCDEC_FALSE=''
HAVE_EXTERNAL_MPCDEC_TRUE=''
HAVE_EXTERNAL_TREMOR_FALSE=''
HAVE_EXTERNAL_TREMOR_TRUE=''
HAVE_EXTERNAL_TRIO_FALSE=''
HAVE_EXTERNAL_TRIO_TRUE=''
HAVE_JACK_FALSE=''
HAVE_JACK_TRUE=''
HAVE_LIBSNDFILE_FALSE=''
HAVE_LIBSNDFILE_TRUE=''
HAVE_LINUX_JOYSTICK_FALSE=''
HAVE_LINUX_JOYSTICK_TRUE=''
HAVE_NEWLOCALE=''
HAVE_OPENBSD_AUDIO_FALSE=''
HAVE_OPENBSD_AUDIO_TRUE=''
HAVE_OSSDSP_FALSE=''
HAVE_OSSDSP_TRUE=''
HAVE_POSIX_PRINTF=''
HAVE_POSIX_SOCKETS_FALSE=''
HAVE_POSIX_SOCKETS_TRUE=''
HAVE_SDL_FALSE=''
HAVE_SDL_TRUE=''
HAVE_SNPRINTF=''
HAVE_VISIBILITY=''
HAVE_WASAPI_FALSE=''
HAVE_WASAPI_TRUE=''
HAVE_WPRINTF=''
INSTALL_DATA=''
INSTALL_PROGRAM=''
INSTALL_SCRIPT=''
INSTALL_STRIP_PROGRAM=''
INSTOBJEXT=''
INTLBISON=''
INTLLIBS=''
INTLOBJS=''
INTL_DEFAULT_VERBOSITY=''
INTL_LIBTOOL_SUFFIX_PREFIX=''
INTL_MACOSX_LIBS=''
JACK_CFLAGS=''
JACK_LIBS=''
LDFLAGS=''
LIBICONV=''
LIBINTL=''
LIBMULTITHREAD=''
LIBOBJS=''
LIBPTH=''
LIBPTH_PREFIX=''
LIBS=''
LIBTHREAD=''
LTLIBC=''
LTLIBICONV=''
LTLIBINTL=''
LTLIBMULTITHREAD=''
LTLIBOBJS=''
LTLIBPTH=''
LTLIBTHREAD=''
LZO2_CFLAGS=''
LZO2_LIBS=''
MAKEINFO=''
MKDIR_P=''
MPCDEC_LIBS=''
MSGFMT=''
MSGFMT_015=''
MSGMERGE=''
NEED_68K_EMU_FALSE=''
NEED_68K_EMU_TRUE=''
NEED_ARCADE_CARD_EMU_FALSE=''
NEED_ARCADE_CARD_EMU_TRUE=''
NEED_BLIP_BUFFER_FALSE=''
NEED_BLIP_BUFFER_TRUE=''
NEED_GB_APU_EMU_FALSE=''
NEED_GB_APU_EMU_TRUE=''
NEED_HUC6270_EMU_FALSE=''
NEED_HUC6270_EMU_TRUE=''
NEED_PCE_PSG_EMU_FALSE=''
NEED_PCE_PSG_EMU_TRUE=''
NEED_SMS_APU_EMU_FALSE=''
NEED_SMS_APU_EMU_TRUE=''
NEED_V810_EMU_FALSE=''
NEED_V810_EMU_TRUE=''
NEED_YM2413_EMU_FALSE=''
NEED_YM2413_EMU_TRUE=''
NEED_YM2612_EMU_FALSE=''
NEED_YM2612_EMU_TRUE=''
NEED_Z80_EMU_FALSE=''
NEED_Z80_EMU_TRUE=''
NO_STACK_PROTECTOR_FLAGS=''
NO_STRICT_ALIASING_FLAGS=''
OBJEXT='o'
PACKAGE=''
PACKAGE_BUGREPORT=''
PACKAGE_NAME=''
PACKAGE_STRING=''
PACKAGE_TARNAME=''
PACKAGE_URL=''
PACKAGE_VERSION=''
PATH_SEPARATOR=':'
PKG_CONFIG=''
PKG_CONFIG_LIBDIR=''
PKG_CONFIG_PATH=''
POSUB=''
PRI_MACROS_BROKEN=''
RANLIB=''
SDL2_CONFIG=''
SDL2_FRAMEWORK=''
SDL_CFLAGS=''
SDL_LIBS=''
SET_MAKE=''
SHELL='/bin/bash'
SNDFILE_CFLAGS=''
SNDFILE_LIBS=''
SNES_EXTRA_CXXFLAGS=''
SNES_EXTRA_FLAGS=''
SS_EXTRA_FLAGS=''
STRIP=''
TREMOR_LIBS=''
TRIO_CFLAGS=''
TRIO_LIBS=''
UNIX_FALSE=''
UNIX_TRUE=''
USE_INCLUDED_LIBINTL=''
USE_NLS=''
VERSION=''
WANT_APPLE2_EMU_FALSE=''
WANT_APPLE2_EMU_TRUE=''
WANT_DEBUGGER_FALSE=''
WANT_DEBUGGER_TRUE=''
WANT_FANCY_SCALERS_FALSE=''
WANT_FANCY_SCALERS_TRUE=''
WANT_GBA_EMU_FALSE=''
WANT_GBA_EMU_TRUE=''
WANT_GB_EMU_FALSE=''
WANT_GB_EMU_TRUE=''
WANT_LYNX_EMU_FALSE=''
WANT_LYNX_EMU_TRUE=''
WANT_MD_EMU_FALSE=''
WANT_MD_EMU_TRUE=''
WANT_NES_EMU_FALSE=''
WANT_NES_EMU_TRUE=''
WANT_NES_NEW_EMU_FALSE=''
WANT_NES_NEW_EMU_TRUE=''
WANT_NGP_EMU_FALSE=''
WANT_NGP_EMU_TRUE=''
WANT_PCE_EMU_FALSE=''
WANT_PCE_EMU_TRUE=''
WANT_PCE_FAST_EMU_FALSE=''
WANT_PCE_FAST_EMU_TRUE=''
WANT_PCFX_EMU_FALSE=''
WANT_PCFX_EMU_TRUE=''
WANT_PSX_EMU_FALSE=''
WANT_PSX_EMU_TRUE=''
WANT_SMS_EMU_FALSE=''
WANT_SMS_EMU_TRUE=''
WANT_SNES_EMU_FALSE=''
WANT_SNES_EMU_TRUE=''
WANT_SNES_FAUST_EMU_FALSE=''
WANT_SNES_FAUST_EMU_TRUE=''
WANT_SSFPLAY_EMU_FALSE=''
WANT_SSFPLAY_EMU_TRUE=''
WANT_SS_EMU_FALSE=''
WANT_SS_EMU_TRUE=''
WANT_VB_EMU_FALSE=''
WANT_VB_EMU_TRUE=''
WANT_WSWAN_EMU_FALSE=''
WANT_WSWAN_EMU_TRUE=''
WARNING_FLAGS=''
WIN32_FALSE=''
WIN32_TRUE=''
WINDRES=''
WOE32=''
WOE32DLL=''
XGETTEXT=''
XGETTEXT_015=''
XGETTEXT_EXTRA_OPTIONS=''
ZLIB_LIBS=''
ac_ct_CC='gcc'
ac_ct_CXX=''
am__EXEEXT_FALSE=''
am__EXEEXT_TRUE=''
am__fastdepCCAS_FALSE=''
am__fastdepCCAS_TRUE=''
am__fastdepCC_FALSE=''
am__fastdepCC_TRUE=''
am__fastdepCXX_FALSE=''
am__fastdepCXX_TRUE=''
am__include=''
am__isrc=''
am__leading_dot=''
am__nodep=''
am__quote=''
am__tar=''
am__untar=''
bindir='${exec_prefix}/bin'
build='help'
build_alias='help'
build_cpu=''
build_os=''
build_vendor=''
datadir='${datarootdir}'
datarootdir='${prefix}/share'
docdir='${datarootdir}/doc/${PACKAGE}'
dvidir='${docdir}'
exec_prefix='NONE'
host='help'
host_alias='help'
host_cpu=''
host_os=''
host_vendor=''
htmldir='${docdir}'
includedir='${prefix}/include'
infodir='${datarootdir}/info'
install_sh=''
libdir='${exec_prefix}/lib'
libexecdir='${exec_prefix}/libexec'
localedir='${datarootdir}/locale'
localstatedir='${prefix}/var'
mandir='${datarootdir}/man'
mkdir_p=''
oldincludedir='/usr/include'
pdfdir='${docdir}'
prefix='NONE'
program_transform_name='s,x,x,'
psdir='${docdir}'
sbindir='${exec_prefix}/sbin'
sharedstatedir='${prefix}/com'
sysconfdir='${prefix}/etc'
target_alias='help'

## ----------- ##
## confdefs.h. ##
## ----------- ##

/* confdefs.h */
#define PACKAGE_NAME ""
#define PACKAGE_TARNAME ""
#define PACKAGE_VERSION ""
#define PACKAGE_STRING ""
#define PACKAGE_BUGREPORT ""
#define PACKAGE_URL ""

configure: caught signal 2
configure: exit 1
